<?xml version="1.0" encoding="UTF-8"?>
<testng-results skipped="0" failed="0" ignored="0" total="2" passed="2">
  <reporter-output>
  </reporter-output>
  <suite name="Suite" duration-ms="130891" started-at="2020-04-27T20:38:07 IST" finished-at="2020-04-27T20:40:18 IST">
    <groups>
    </groups>
    <test name="Test" duration-ms="130891" started-at="2020-04-27T20:38:07 IST" finished-at="2020-04-27T20:40:18 IST">
      <class name="Basics.MyFirstMaven">
        <test-method status="PASS" signature="verifyGoogle()[pri:0, instance:Basics.MyFirstMaven@2a079c]" name="verifyGoogle" duration-ms="89783" started-at="2020-04-27T20:38:44 IST" finished-at="2020-04-27T20:40:14 IST">
          <reporter-output>
          </reporter-output>
        </test-method> <!-- verifyGoogle -->
      </class> <!-- Basics.MyFirstMaven -->
      <class name="Basics.FbLogin">
        <test-method status="PASS" signature="openBrowser()[pri:0, instance:Basics.FbLogin@100df86]" name="openBrowser" is-config="true" duration-ms="35998" started-at="2020-04-27T20:38:07 IST" finished-at="2020-04-27T20:38:43 IST">
          <reporter-output>
          </reporter-output>
        </test-method> <!-- openBrowser -->
        <test-method status="PASS" signature="verifyTitleofPage()[pri:0, instance:Basics.FbLogin@100df86]" name="verifyTitleofPage" duration-ms="24" started-at="2020-04-27T20:38:44 IST" finished-at="2020-04-27T20:38:44 IST">
          <reporter-output>
          </reporter-output>
        </test-method> <!-- verifyTitleofPage -->
        <test-method status="PASS" signature="tearDown()[pri:0, instance:Basics.FbLogin@100df86]" name="tearDown" is-config="true" duration-ms="4435" started-at="2020-04-27T20:40:14 IST" finished-at="2020-04-27T20:40:18 IST">
          <reporter-output>
          </reporter-output>
        </test-method> <!-- tearDown -->
      </class> <!-- Basics.FbLogin -->
    </test> <!-- Test -->
  </suite> <!-- Suite -->
</testng-results>
